Started at Mon Oct 23 22:12:17 IDT 2017
Checking hjgjhg
Checking jobjob
Checking MatrixProject
Checking MavenJob
Checking RunMaven
Checking script
Checking Test
Checking TestO
Checking TestPipeLineMultiple
Finished at Mon Oct 23 22:12:17 IDT 2017. 79ms
Started at Tue Oct 24 22:12:09 IDT 2017
Checking hjgjhg
Checking jobjob
Checking MatrixProject
Checking MavenJob
Checking RunMaven
Checking script
Checking Test
Checking TestO
Checking TestPipeLineMultiple
Finished at Tue Oct 24 22:12:09 IDT 2017. 85ms
